<?xml version="1.0" encoding="UTF-8"?>
<!-- Generated by org.testng.reporters.JUnitXMLReporter -->
<testsuite ignored="2" hostname="GENTLEMAN" failures="0" tests="1" name="Default test" time="13.227" errors="0" timestamp="2026-09-21T09:53:31 IST">
  <testcase classname="com.crm.comcast.orgtest.CreateOrgTest" name="createOrgTest" time="4.7"/>
  <testcase classname="com.crm.comcast.orgtest.CreateOrgTest" name="createorgWithIndustryTest" time="0.0">
    <ignored/>
  </testcase> <!-- createorgWithIndustryTest -->
  <testcase classname="com.crm.comcast.orgtest.CreateOrgTest" name="createorgWithPhoneNoTest" time="0.0">
    <ignored/>
  </testcase> <!-- createorgWithPhoneNoTest -->
</testsuite> <!-- Default test -->
