<?xml version="1.0" encoding="UTF-8"?>
<!-- Generated by org.testng.reporters.JUnitXMLReporter -->
<testsuite ignored="2" hostname="GENTLEMAN" failures="0" tests="6" name="Test-1" time="116.457" errors="0" timestamp="2026-09-20T09:19:41 IST">
  <testcase classname="com.crm.generic.baseutility.BaseClass" name="@AfterMethod configAM" time="2.184">
    <failure type="org.openqa.selenium.ElementNotInteractableException" message="element not interactable: [object HTMLTableCellElement] has no size and location
  (Session info: chrome=153.0.8010.48)
Build info: version: &amp;apos;4.43.0&amp;apos;, revision: &amp;apos;dd0f534&amp;apos;
System info: os.name: &amp;apos;Windows 11&amp;apos;, os.arch: &amp;apos;amd64&amp;apos;, os.version: &amp;apos;10.0&amp;apos;, java.version: &amp;apos;26.0.1&amp;apos;
Driver info: org.openqa.selenium.chrome.ChromeDriver
Command: [a9cc62c2f6a745fa82fe45d047e86312, actions {actions=[org.openqa.selenium.interactions.Sequence@781eada9]}]
Capabilities {acceptInsecureCerts: false, browserName: chrome, browserVersion: 153.0.8010.48, chrome: {chromedriverVersion: 153.0.8010.52 (78e5e45d4bb4..., userDataDir: C:\Users\vitha\AppData\Loca...}, fedcm:accounts: true, goog:chromeOptions: {debuggerAddress: localhost:61423}, goog:processID: 11168, networkConnectionEnabled: false, pageLoadStrategy: normal, platformName: windows, proxy: Proxy(), se:cdp: ws://localhost:61423/devtoo..., se:cdpVersion: 153.0.8010.48, setWindowRect: true, strictFileInteractability: false, timeouts: {implicit: 0, pageLoad: 300000, script: 30000}, unhandledPromptBehavior: dismiss and notify, webauthn:extension:cmtgKey: true, webauthn:extension:credBlob: true, webauthn:extension:largeBlob: true, webauthn:extension:minPinLength: true, webauthn:extension:prf: true, webauthn:virtualAuthenticators: true}
Session ID: a9cc62c2f6a745fa82fe45d047e86312">
      <![CDATA[org.openqa.selenium.ElementNotInteractableException: element not interactable: [object HTMLTableCellElement] has no size and location
  (Session info: chrome=153.0.8010.48)
Build info: version: '4.43.0', revision: 'dd0f534'
System info: os.name: 'Windows 11', os.arch: 'amd64', os.version: '10.0', java.version: '26.0.1'
Driver info: org.openqa.selenium.chrome.ChromeDriver
Command: [a9cc62c2f6a745fa82fe45d047e86312, actions {actions=[org.openqa.selenium.interactions.Sequence@781eada9]}]
Capabilities {acceptInsecureCerts: false, browserName: chrome, browserVersion: 153.0.8010.48, chrome: {chromedriverVersion: 153.0.8010.52 (78e5e45d4bb4..., userDataDir: C:\Users\vitha\AppData\Loca...}, fedcm:accounts: true, goog:chromeOptions: {debuggerAddress: localhost:61423}, goog:processID: 11168, networkConnectionEnabled: false, pageLoadStrategy: normal, platformName: windows, proxy: Proxy(), se:cdp: ws://localhost:61423/devtoo..., se:cdpVersion: 153.0.8010.48, setWindowRect: true, strictFileInteractability: false, timeouts: {implicit: 0, pageLoad: 300000, script: 30000}, unhandledPromptBehavior: dismiss and notify, webauthn:extension:cmtgKey: true, webauthn:extension:credBlob: true, webauthn:extension:largeBlob: true, webauthn:extension:minPinLength: true, webauthn:extension:prf: true, webauthn:virtualAuthenticators: true}
Session ID: a9cc62c2f6a745fa82fe45d047e86312
at org.openqa.selenium.remote.ErrorCodec.decode(ErrorCodec.java:169)
at org.openqa.selenium.remote.codec.w3c.W3CHttpResponseCodec.decode(W3CHttpResponseCodec.java:142)
at org.openqa.selenium.remote.codec.w3c.W3CHttpResponseCodec.decode(W3CHttpResponseCodec.java:49)
at org.openqa.selenium.remote.HttpCommandExecutor.execute(HttpCommandExecutor.java:223)
at org.openqa.selenium.remote.service.DriverCommandExecutor.invokeExecute(DriverCommandExecutor.java:216)
at org.openqa.selenium.remote.service.DriverCommandExecutor.execute(DriverCommandExecutor.java:174)
at org.openqa.selenium.remote.RemoteWebDriver.execute(RemoteWebDriver.java:606)
at org.openqa.selenium.remote.RemoteWebDriver.perform(RemoteWebDriver.java:702)
at org.openqa.selenium.interactions.Actions$BuiltAction.perform(Actions.java:612)
at com.crm.generic.baseutility.BaseClass.configAM(BaseClass.java:72)
at java.base/java.util.ArrayList.forEach(ArrayList.java:1612)
at java.base/java.util.concurrent.FutureTask.run(FutureTask.java:330)
at java.base/java.util.concurrent.ThreadPoolExecutor.runWorker(ThreadPoolExecutor.java:1090)
at java.base/java.util.concurrent.ThreadPoolExecutor$Worker.run(ThreadPoolExecutor.java:614)
at java.base/java.lang.Thread.run(Thread.java:1516)
... Removed 20 stack frames]]>
    </failure>
  </testcase> <!-- @AfterMethod configAM -->
  <testcase classname="com.crm.generic.baseutility.BaseClass" name="@BeforeMethod configBM" time="0.0">
    <skipped/>
  </testcase> <!-- @BeforeMethod configBM -->
  <testcase classname="com.crm.generic.baseutility.BaseClass" name="@AfterMethod configAM" time="0.0">
    <skipped/>
  </testcase> <!-- @AfterMethod configAM -->
  <testcase classname="com.crm.generic.baseutility.BaseClass" name="@AfterClass configAC" time="0.0">
    <skipped/>
  </testcase> <!-- @AfterClass configAC -->
  <testcase classname="com.crm.comcast.orgtest.CreateOrgTest" name="createOrgTest" time="5.41"/>
  <testcase classname="com.crm.comcast.orgtest.CreateOrgTest" name="createorgWithIndustryTest" time="25.367"/>
  <testcase classname="com.crm.comcast.orgtest.CreateOrgTest" name="createorgWithPhoneNoTest" time="3.179"/>
  <testcase classname="com.crm.comcast.contacttest.CreateContactTest" name="createContactTest" time="4.898"/>
  <testcase classname="com.crm.comcast.contacttest.CreateContactTest" name="createContactWithOrgTest" time="7.395"/>
  <testcase classname="com.crm.comcast.contacttest.CreateContactTest" name="createContactWithSupportDateTest" time="0.0">
    <skipped/>
  </testcase> <!-- createContactWithSupportDateTest -->
  <testcase classname="com.crm.generic.baseutility.BaseClass" name="@AfterSuite configAS" time="0.0">
    <ignored/>
  </testcase> <!-- @AfterSuite configAS -->
  <testcase classname="com.crm.generic.baseutility.BaseClass" name="@BeforeSuite configBS" time="0.0">
    <ignored/>
  </testcase> <!-- @BeforeSuite configBS -->
</testsuite> <!-- Test-1 -->
