<?xml version="1.0" encoding="UTF-8"?>
<!-- Generated by org.testng.reporters.JUnitXMLReporter -->
<testsuite ignored="2" hostname="GENTLEMAN" failures="0" tests="6" name="Test-2" time="96.776" errors="0" timestamp="2026-09-20T09:19:22 IST">
  <testcase classname="com.crm.comcast.orgtest.CreateOrgTest" name="createOrgTest" time="5.031"/>
  <testcase classname="com.crm.comcast.orgtest.CreateOrgTest" name="createorgWithIndustryTest" time="3.305"/>
  <testcase classname="com.crm.comcast.orgtest.CreateOrgTest" name="createorgWithPhoneNoTest" time="16.315"/>
  <testcase classname="com.crm.comcast.contacttest.CreateContactTest" name="createContactTest" time="5.209"/>
  <testcase classname="com.crm.comcast.contacttest.CreateContactTest" name="createContactWithOrgTest" time="19.204"/>
  <testcase classname="com.crm.comcast.contacttest.CreateContactTest" name="createContactWithSupportDateTest" time="10.428"/>
  <testcase classname="com.crm.generic.baseutility.BaseClass" name="@BeforeSuite configBS" time="0.0">
    <ignored/>
  </testcase> <!-- @BeforeSuite configBS -->
  <testcase classname="com.crm.generic.baseutility.BaseClass" name="@AfterSuite configAS" time="0.0">
    <ignored/>
  </testcase> <!-- @AfterSuite configAS -->
</testsuite> <!-- Test-2 -->
