<?xml version="1.0" encoding="UTF-8"?>
<!-- Generated by org.testng.reporters.JUnitXMLReporter -->
<testsuite ignored="2" hostname="GENTLEMAN" failures="0" tests="6" name="Test" time="69.423" errors="0" timestamp="2026-09-20T09:16:54 IST">
  <testcase classname="com.crm.comcast.contacttest.CreateContactTest" name="createContactTest" time="4.333"/>
  <testcase classname="com.crm.comcast.contacttest.CreateContactTest" name="createContactWithOrgTest" time="14.483"/>
  <testcase classname="com.crm.comcast.contacttest.CreateContactTest" name="createContactWithSupportDateTest" time="3.102"/>
  <testcase classname="com.crm.comcast.orgtest.CreateOrgTest" name="createOrgTest" time="3.648"/>
  <testcase classname="com.crm.comcast.orgtest.CreateOrgTest" name="createorgWithIndustryTest" time="4.486"/>
  <testcase classname="com.crm.comcast.orgtest.CreateOrgTest" name="createorgWithPhoneNoTest" time="3.136"/>
  <testcase classname="com.crm.generic.baseutility.BaseClass" name="@AfterSuite configAS" time="0.0">
    <ignored/>
  </testcase> <!-- @AfterSuite configAS -->
  <testcase classname="com.crm.generic.baseutility.BaseClass" name="@BeforeSuite configBS" time="0.0">
    <ignored/>
  </testcase> <!-- @BeforeSuite configBS -->
</testsuite> <!-- Test -->
