<?xml version="1.0" encoding="UTF-8"?>
<!-- Generated by org.testng.reporters.JUnitXMLReporter -->
<testsuite ignored="2" hostname="GENTLEMAN" failures="0" tests="6" name="TestRunner-Firefox" time="141.031" errors="0" timestamp="2026-09-20T09:35:12 IST">
  <testcase classname="com.crm.comcast.contacttest.CreateContactTest" name="createContactTest" time="4.002"/>
  <testcase classname="com.crm.comcast.contacttest.CreateContactTest" name="createContactWithOrgTest" time="7.653"/>
  <testcase classname="com.crm.comcast.contacttest.CreateContactTest" name="createContactWithSupportDateTest" time="3.128"/>
  <testcase classname="com.crm.comcast.orgtest.CreateOrgTest" name="createOrgTest" time="3.719"/>
  <testcase classname="com.crm.comcast.orgtest.CreateOrgTest" name="createorgWithIndustryTest" time="3.259"/>
  <testcase classname="com.crm.comcast.orgtest.CreateOrgTest" name="createorgWithPhoneNoTest" time="3.549"/>
  <testcase classname="com.crm.generic.baseutility.BaseClass" name="@BeforeSuite configBS" time="0.0">
    <ignored/>
  </testcase> <!-- @BeforeSuite configBS -->
  <testcase classname="com.crm.generic.baseutility.BaseClass" name="@AfterSuite configAS" time="0.0">
    <ignored/>
  </testcase> <!-- @AfterSuite configAS -->
</testsuite> <!-- TestRunner-Firefox -->
