<?xml version="1.0" encoding="UTF-8"?>
<testng-results ignored="2" total="3" passed="1" failed="0" skipped="0">
  <reporter-output>
  </reporter-output>
  <suite started-at="2026-09-21T09:53:18 IST" name="Default suite" finished-at="2026-09-21T09:53:31 IST" duration-ms="13227">
    <groups>
      <group name="smokeTest">
        <method signature="CreateOrgTest.createOrgTest()[pri:0, instance:com.crm.comcast.orgtest.CreateOrgTest@4fb0f2b9]" name="createOrgTest" class="com.crm.comcast.orgtest.CreateOrgTest"/>
      </group> <!-- smokeTest -->
    </groups>
    <test started-at="2026-09-21T09:53:18 IST" name="Default test" finished-at="2026-09-21T09:53:31 IST" duration-ms="13227">
      <class name="com.crm.comcast.orgtest.CreateOrgTest">
        <test-method is-config="true" signature="configBS()[pri:0, instance:com.crm.comcast.orgtest.CreateOrgTest@4fb0f2b9]" started-at="2026-09-21T09:53:18 IST" name="configBS" finished-at="2026-09-21T09:53:18 IST" duration-ms="17" status="PASS">
          <reporter-output>
          </reporter-output>
        </test-method> <!-- configBS -->
        <test-method is-config="true" signature="configBC()[pri:0, instance:com.crm.comcast.orgtest.CreateOrgTest@4fb0f2b9]" started-at="2026-09-21T09:53:18 IST" name="configBC" finished-at="2026-09-21T09:53:23 IST" duration-ms="5114" status="PASS">
          <reporter-output>
          </reporter-output>
        </test-method> <!-- configBC -->
        <test-method is-config="true" signature="configBM()[pri:0, instance:com.crm.comcast.orgtest.CreateOrgTest@4fb0f2b9]" started-at="2026-09-21T09:53:23 IST" name="configBM" finished-at="2026-09-21T09:53:24 IST" duration-ms="245" status="PASS">
          <reporter-output>
          </reporter-output>
        </test-method> <!-- configBM -->
        <test-method signature="createOrgTest()[pri:0, instance:com.crm.comcast.orgtest.CreateOrgTest@4fb0f2b9]" started-at="2026-09-21T09:53:24 IST" name="createOrgTest" finished-at="2026-09-21T09:53:28 IST" duration-ms="4700" status="PASS">
          <reporter-output>
          </reporter-output>
        </test-method> <!-- createOrgTest -->
        <test-method is-config="true" signature="configAM()[pri:0, instance:com.crm.comcast.orgtest.CreateOrgTest@4fb0f2b9]" started-at="2026-09-21T09:53:28 IST" name="configAM" finished-at="2026-09-21T09:53:31 IST" duration-ms="2872" status="PASS">
          <reporter-output>
          </reporter-output>
        </test-method> <!-- configAM -->
        <test-method is-config="true" signature="configAC()[pri:0, instance:com.crm.comcast.orgtest.CreateOrgTest@4fb0f2b9]" started-at="2026-09-21T09:53:31 IST" name="configAC" finished-at="2026-09-21T09:53:31 IST" duration-ms="243" status="PASS">
          <reporter-output>
          </reporter-output>
        </test-method> <!-- configAC -->
        <test-method is-config="true" signature="configAS()[pri:0, instance:com.crm.comcast.orgtest.CreateOrgTest@4fb0f2b9]" started-at="2026-09-21T09:53:31 IST" name="configAS" finished-at="2026-09-21T09:53:31 IST" duration-ms="1" status="PASS">
          <reporter-output>
          </reporter-output>
        </test-method> <!-- configAS -->
      </class> <!-- com.crm.comcast.orgtest.CreateOrgTest -->
    </test> <!-- Default test -->
  </suite> <!-- Default suite -->
</testng-results>
