<?xml version="1.0" encoding="UTF-8"?>
<!-- Generated by org.testng.reporters.JUnitReportReporter -->
<testsuite hostname="GENTLEMAN" failures="0" tests="3" name="testNG.scripts.CreateContact_DP_Test" time="0.007" errors="0" timestamp="2026-09-08T11:03:54 IST" skipped="0">
  <testcase classname="testNG.scripts.CreateContact_DP_Test" name="createContactTest" time="0.007"/>
  <testcase classname="testNG.scripts.CreateContact_DP_Test" name="createContactTest" time="0.000"/>
  <testcase classname="testNG.scripts.CreateContact_DP_Test" name="createContactTest" time="0.000"/>
</testsuite> <!-- testNG.scripts.CreateContact_DP_Test -->
