<?xml version="1.0" encoding="UTF-8"?>
<!-- Generated by org.testng.reporters.JUnitReportReporter -->
<testsuite hostname="GENTLEMAN" failures="0" tests="2" name="testNG.scripts.ReporterTest" time="0.013" errors="0" timestamp="2026-09-10T19:02:32 IST" skipped="0">
  <testcase classname="testNG.scripts.ReporterTest" name="t1" time="0.012">
    <system-out>
      <![CDATA[t1Test Start
A-1
A-2
t1Test End]]>
    </system-out>
  </testcase> <!-- t1 -->
  <testcase classname="testNG.scripts.ReporterTest" name="t2" time="0.001">
    <system-out>
      <![CDATA[t2Test Start
B-1
B-2
t2Test End]]>
    </system-out>
  </testcase> <!-- t2 -->
  <system-out>
    <![CDATA[t1Test Start
A-1
A-2
t1Test End
t2Test Start
B-1
B-2
t2Test End]]>
  </system-out>
</testsuite> <!-- testNG.scripts.ReporterTest -->
