<?xml version="1.0" encoding="UTF-8"?>
<!-- Generated by org.testng.reporters.JUnitReportReporter -->
<testsuite hostname="GENTLEMAN" failures="0" tests="9" name="practice.TestScripts.SampleTest" time="0.021" errors="0" timestamp="2026-09-15T11:31:07 IST" skipped="0">
  <testcase classname="practice.TestScripts.SampleTest" name="m1Test" time="0.001"/>
  <testcase classname="practice.TestScripts.SampleTest" name="m1Test" time="0.002"/>
  <testcase classname="practice.TestScripts.SampleTest" name="m1Test" time="0.000"/>
  <testcase classname="practice.TestScripts.SampleTest" name="m1Test" time="0.002"/>
  <testcase classname="practice.TestScripts.SampleTest" name="m1Test" time="0.001"/>
  <testcase classname="practice.TestScripts.SampleTest" name="m1Test" time="0.001"/>
  <testcase classname="practice.TestScripts.SampleTest" name="m1Test" time="0.000"/>
  <testcase classname="practice.TestScripts.SampleTest" name="m1Test" time="0.001"/>
  <testcase classname="practice.TestScripts.SampleTest" name="m1Test" time="0.013"/>
</testsuite> <!-- practice.TestScripts.SampleTest -->
