<?xml version="1.0" encoding="UTF-8"?>
<!-- Generated by org.testng.reporters.JUnitReportReporter -->
<testsuite hostname="GENTLEMAN" failures="0" tests="9" name="com.crm.comcast.contacttest.CreateContactTest" time="107.057" errors="0" timestamp="2026-09-20T09:35:12 IST" skipped="0">
  <testcase classname="com.crm.comcast.contacttest.CreateContactTest" name="createContactWithOrgTest" time="23.667"/>
  <testcase classname="com.crm.comcast.contacttest.CreateContactTest" name="createContactWithOrgTest" time="19.341"/>
  <testcase classname="com.crm.comcast.contacttest.CreateContactTest" name="createContactWithSupportDateTest" time="7.213"/>
  <testcase classname="com.crm.comcast.contacttest.CreateContactTest" name="createContactWithSupportDateTest" time="6.998"/>
  <testcase classname="com.crm.comcast.contacttest.CreateContactTest" name="createContactWithSupportDateTest" time="9.558"/>
  <testcase classname="com.crm.comcast.contacttest.CreateContactTest" name="createContactTest" time="7.772"/>
  <testcase classname="com.crm.comcast.contacttest.CreateContactTest" name="createContactTest" time="11.237"/>
  <testcase classname="com.crm.comcast.contacttest.CreateContactTest" name="createContactTest" time="7.658"/>
  <testcase classname="com.crm.comcast.contacttest.CreateContactTest" name="createContactWithOrgTest" time="13.613"/>
</testsuite> <!-- com.crm.comcast.contacttest.CreateContactTest -->
