<?xml version="1.0" encoding="UTF-8"?>
<!-- Generated by org.testng.reporters.JUnitReportReporter -->
<testsuite hostname="GENTLEMAN" failures="0" tests="3" name="testNG.scripts.CreateContact_DP_Test2" time="0.021" errors="0" timestamp="2026-09-08T13:12:23 IST" skipped="0">
  <testcase classname="testNG.scripts.CreateContact_DP_Test2" name="createContactTest" time="0.016"/>
  <testcase classname="testNG.scripts.CreateContact_DP_Test2" name="createContactTest" time="0.002"/>
  <testcase classname="testNG.scripts.CreateContact_DP_Test2" name="createContactTest" time="0.003"/>
</testsuite> <!-- testNG.scripts.CreateContact_DP_Test2 -->
