<?xml version="1.0" encoding="UTF-8"?>
<!-- Generated by org.testng.reporters.JUnitReportReporter -->
<testsuite hostname="GENTLEMAN" failures="0" tests="3" name="testNG.scripts.SampleReportTest" time="0.016" errors="0" timestamp="2026-09-11T16:19:24 IST" skipped="0">
  <testcase classname="testNG.scripts.SampleReportTest" name="createContactWithPhone" time="0.002"/>
  <testcase classname="testNG.scripts.SampleReportTest" name="createContactTest" time="0.011"/>
  <testcase classname="testNG.scripts.SampleReportTest" name="createContactWithOrg" time="0.003"/>
</testsuite> <!-- testNG.scripts.SampleReportTest -->
