<?xml version="1.0" encoding="UTF-8"?>
<!-- Generated by org.testng.reporters.JUnitReportReporter -->
<testsuite hostname="GENTLEMAN" failures="0" tests="11" name="testNG.scripts.OrderTest" time="0.033" errors="0" timestamp="2026-09-08T10:05:11 IST" skipped="1">
  <testcase classname="testNG.scripts.OrderTest" name="createOrderTest" time="0.002"/>
  <testcase classname="testNG.scripts.OrderTest" name="createOrderTest" time="0.002"/>
  <testcase classname="testNG.scripts.OrderTest" name="createOrderTest" time="0.002"/>
  <testcase classname="testNG.scripts.OrderTest" name="createOrderTest" time="0.003"/>
  <testcase classname="testNG.scripts.OrderTest" name="createOrderTest" time="0.002"/>
  <testcase classname="testNG.scripts.OrderTest" name="createOrderTest" time="0.002"/>
  <testcase classname="testNG.scripts.OrderTest" name="createOrderTest" time="0.002"/>
  <testcase classname="testNG.scripts.OrderTest" name="createOrderTest" time="0.003"/>
  <testcase classname="testNG.scripts.OrderTest" name="createOrderTest" time="0.002"/>
  <testcase classname="testNG.scripts.OrderTest" name="createOrderTest" time="0.013"/>
  <testcase classname="testNG.scripts.OrderTest" name="billingAnOrdertest">
    <skipped/>
  </testcase> <!-- billingAnOrdertest -->
</testsuite> <!-- testNG.scripts.OrderTest -->
