<?xml version="1.0" encoding="UTF-8"?>
<!-- Generated by org.testng.reporters.JUnitReportReporter -->
<testsuite hostname="GENTLEMAN" failures="0" tests="2" name="testNG.scripts.ConfigurationAnnotations" time="0.018" errors="0" timestamp="2026-09-08T14:51:37 IST" skipped="0">
  <testcase classname="testNG.scripts.ConfigurationAnnotations" name="CA1" time="0.011"/>
  <testcase classname="testNG.scripts.ConfigurationAnnotations" name="CA2" time="0.007"/>
</testsuite> <!-- testNG.scripts.ConfigurationAnnotations -->
